Analysis & Synthesis report for sha256
Wed Dec 05 21:54:57 2018
Quartus Prime Version 17.0.0 Build 595 04/25/2017 SJ Standard Edition


---------------------
; Table of Contents ;
---------------------
  1. Legal Notice
  2. Analysis & Synthesis Summary
  3. Analysis & Synthesis Settings
  4. Parallel Compilation
  5. Analysis & Synthesis Source Files Read
  6. Analysis & Synthesis Resource Usage Summary
  7. Analysis & Synthesis Resource Utilization by Entity
  8. State Machine - |sha256|state
  9. General Register Statistics
 10. Inverted Register Statistics
 11. Multiplexer Restructuring Statistics (Restructuring Performed)
 12. Post-Synthesis Netlist Statistics for Top Partition
 13. Elapsed Time Per Partition
 14. Analysis & Synthesis Messages



----------------
; Legal Notice ;
----------------
Copyright (C) 2017  Intel Corporation. All rights reserved.
Your use of Intel Corporation's design tools, logic functions 
and other software and tools, and its AMPP partner logic 
functions, and any output files from any of the foregoing 
(including device programming or simulation files), and any 
associated documentation or information are expressly subject 
to the terms and conditions of the Intel Program License 
Subscription Agreement, the Intel Quartus Prime License Agreement,
the Intel MegaCore Function License Agreement, or other 
applicable license agreement, including, without limitation, 
that your use is for the sole purpose of programming logic 
devices manufactured by Intel and sold by Intel or its 
authorized distributors.  Please refer to the applicable 
agreement for further details.



+-----------------------------------------------------------------------------------+
; Analysis & Synthesis Summary                                                      ;
+---------------------------------+-------------------------------------------------+
; Analysis & Synthesis Status     ; Successful - Wed Dec 05 21:54:57 2018           ;
; Quartus Prime Version           ; 17.0.0 Build 595 04/25/2017 SJ Standard Edition ;
; Revision Name                   ; sha256                                          ;
; Top-level Entity Name           ; sha256                                          ;
; Family                          ; Cyclone V                                       ;
; Logic utilization (in ALMs)     ; N/A                                             ;
; Total registers                 ; 2569                                            ;
; Total pins                      ; 329                                             ;
; Total virtual pins              ; 0                                               ;
; Total block memory bits         ; 0                                               ;
; Total DSP Blocks                ; 0                                               ;
; Total HSSI RX PCSs              ; 0                                               ;
; Total HSSI PMA RX Deserializers ; 0                                               ;
; Total HSSI TX PCSs              ; 0                                               ;
; Total HSSI PMA TX Serializers   ; 0                                               ;
; Total PLLs                      ; 0                                               ;
; Total DLLs                      ; 0                                               ;
+---------------------------------+-------------------------------------------------+


+---------------------------------------------------------------------------------------------------------------------------+
; Analysis & Synthesis Settings                                                                                             ;
+---------------------------------------------------------------------------------+--------------------+--------------------+
; Option                                                                          ; Setting            ; Default Value      ;
+---------------------------------------------------------------------------------+--------------------+--------------------+
; Device                                                                          ; 5CGXFC9E7F35C8     ;                    ;
; Top-level entity name                                                           ; sha256             ; sha256             ;
; Family name                                                                     ; Cyclone V          ; Cyclone V          ;
; Use smart compilation                                                           ; Off                ; Off                ;
; Enable parallel Assembler and TimeQuest Timing Analyzer during compilation      ; On                 ; On                 ;
; Enable compact report table                                                     ; Off                ; Off                ;
; Restructure Multiplexers                                                        ; Auto               ; Auto               ;
; MLAB Add Timing Constraints For Mixed-Port Feed-Through Mode Setting Don't Care ; Off                ; Off                ;
; Create Debugging Nodes for IP Cores                                             ; Off                ; Off                ;
; Preserve fewer node names                                                       ; On                 ; On                 ;
; OpenCore Plus hardware evaluation                                               ; Enable             ; Enable             ;
; Verilog Version                                                                 ; Verilog_2001       ; Verilog_2001       ;
; VHDL Version                                                                    ; VHDL_1993          ; VHDL_1993          ;
; State Machine Processing                                                        ; Auto               ; Auto               ;
; Safe State Machine                                                              ; Off                ; Off                ;
; Extract Verilog State Machines                                                  ; On                 ; On                 ;
; Extract VHDL State Machines                                                     ; On                 ; On                 ;
; Ignore Verilog initial constructs                                               ; Off                ; Off                ;
; Iteration limit for constant Verilog loops                                      ; 5000               ; 5000               ;
; Iteration limit for non-constant Verilog loops                                  ; 250                ; 250                ;
; Add Pass-Through Logic to Inferred RAMs                                         ; On                 ; On                 ;
; Infer RAMs from Raw Logic                                                       ; On                 ; On                 ;
; Parallel Synthesis                                                              ; On                 ; On                 ;
; DSP Block Balancing                                                             ; Auto               ; Auto               ;
; NOT Gate Push-Back                                                              ; On                 ; On                 ;
; Power-Up Don't Care                                                             ; On                 ; On                 ;
; Remove Redundant Logic Cells                                                    ; Off                ; Off                ;
; Remove Duplicate Registers                                                      ; On                 ; On                 ;
; Ignore CARRY Buffers                                                            ; Off                ; Off                ;
; Ignore CASCADE Buffers                                                          ; Off                ; Off                ;
; Ignore GLOBAL Buffers                                                           ; Off                ; Off                ;
; Ignore ROW GLOBAL Buffers                                                       ; Off                ; Off                ;
; Ignore LCELL Buffers                                                            ; Off                ; Off                ;
; Ignore SOFT Buffers                                                             ; On                 ; On                 ;
; Limit AHDL Integers to 32 Bits                                                  ; Off                ; Off                ;
; Optimization Technique                                                          ; Balanced           ; Balanced           ;
; Carry Chain Length                                                              ; 70                 ; 70                 ;
; Auto Carry Chains                                                               ; On                 ; On                 ;
; Auto Open-Drain Pins                                                            ; On                 ; On                 ;
; Perform WYSIWYG Primitive Resynthesis                                           ; Off                ; Off                ;
; Auto ROM Replacement                                                            ; On                 ; On                 ;
; Auto RAM Replacement                                                            ; On                 ; On                 ;
; Auto DSP Block Replacement                                                      ; On                 ; On                 ;
; Auto Shift Register Replacement                                                 ; Auto               ; Auto               ;
; Allow Shift Register Merging across Hierarchies                                 ; Auto               ; Auto               ;
; Auto Clock Enable Replacement                                                   ; On                 ; On                 ;
; Strict RAM Replacement                                                          ; Off                ; Off                ;
; Allow Synchronous Control Signals                                               ; On                 ; On                 ;
; Force Use of Synchronous Clear Signals                                          ; Off                ; Off                ;
; Auto Resource Sharing                                                           ; Off                ; Off                ;
; Allow Any RAM Size For Recognition                                              ; Off                ; Off                ;
; Allow Any ROM Size For Recognition                                              ; Off                ; Off                ;
; Allow Any Shift Register Size For Recognition                                   ; Off                ; Off                ;
; Use LogicLock Constraints during Resource Balancing                             ; On                 ; On                 ;
; Ignore translate_off and synthesis_off directives                               ; Off                ; Off                ;
; Timing-Driven Synthesis                                                         ; On                 ; On                 ;
; Report Parameter Settings                                                       ; On                 ; On                 ;
; Report Source Assignments                                                       ; On                 ; On                 ;
; Report Connectivity Checks                                                      ; On                 ; On                 ;
; Ignore Maximum Fan-Out Assignments                                              ; Off                ; Off                ;
; Synchronization Register Chain Length                                           ; 3                  ; 3                  ;
; PowerPlay Power Optimization During Synthesis                                   ; Normal compilation ; Normal compilation ;
; HDL message level                                                               ; Level2             ; Level2             ;
; Suppress Register Optimization Related Messages                                 ; Off                ; Off                ;
; Number of Removed Registers Reported in Synthesis Report                        ; 5000               ; 5000               ;
; Number of Swept Nodes Reported in Synthesis Report                              ; 5000               ; 5000               ;
; Number of Inverted Registers Reported in Synthesis Report                       ; 100                ; 100                ;
; Clock MUX Protection                                                            ; On                 ; On                 ;
; Auto Gated Clock Conversion                                                     ; Off                ; Off                ;
; Block Design Naming                                                             ; Auto               ; Auto               ;
; SDC constraint protection                                                       ; Off                ; Off                ;
; Synthesis Effort                                                                ; Auto               ; Auto               ;
; Shift Register Replacement - Allow Asynchronous Clear Signal                    ; On                 ; On                 ;
; Pre-Mapping Resynthesis Optimization                                            ; Off                ; Off                ;
; Analysis & Synthesis Message Level                                              ; Medium             ; Medium             ;
; Disable Register Merging Across Hierarchies                                     ; Auto               ; Auto               ;
; Resource Aware Inference For Block RAM                                          ; On                 ; On                 ;
; Automatic Parallel Synthesis                                                    ; On                 ; On                 ;
; Partial Reconfiguration Bitstream ID                                            ; Off                ; Off                ;
+---------------------------------------------------------------------------------+--------------------+--------------------+


+------------------------------------------+
; Parallel Compilation                     ;
+----------------------------+-------------+
; Processors                 ; Number      ;
+----------------------------+-------------+
; Number detected on machine ; 4           ;
; Maximum allowed            ; 4           ;
;                            ;             ;
; Average used               ; 1.00        ;
; Maximum used               ; 4           ;
;                            ;             ;
; Usage by Processor         ; % Time Used ;
;     Processor 1            ; 100.0%      ;
;     Processor 2            ;   0.1%      ;
;     Processor 3            ;   0.1%      ;
;     Processor 4            ;   0.1%      ;
+----------------------------+-------------+


+------------------------------------------------------------------------------------------------------------------------+
; Analysis & Synthesis Source Files Read                                                                                 ;
+----------------------------------+-----------------+-----------------+---------------------------------------+---------+
; File Name with User-Entered Path ; Used in Netlist ; File Type       ; File Name with Absolute Path          ; Library ;
+----------------------------------+-----------------+-----------------+---------------------------------------+---------+
; sha256.vhd                       ; yes             ; User VHDL File  ; G:/FPGA/sha256_3/sha256.vhd           ;         ;
; sha256_types.vhd                 ; yes             ; User VHDL File  ; G:/FPGA/sha256_3/sha256_types.vhd     ;         ;
; sha256_functions.vhd             ; yes             ; User VHDL File  ; G:/FPGA/sha256_3/sha256_functions.vhd ;         ;
; sha256_constants.vhd             ; yes             ; User VHDL File  ; G:/FPGA/sha256_3/sha256_constants.vhd ;         ;
+----------------------------------+-----------------+-----------------+---------------------------------------+---------+


+---------------------------------------------------------+
; Analysis & Synthesis Resource Usage Summary             ;
+---------------------------------------------+-----------+
; Resource                                    ; Usage     ;
+---------------------------------------------+-----------+
; Estimate of Logic utilization (ALMs needed) ; 3510      ;
;                                             ;           ;
; Combinational ALUT usage for logic          ; 2917      ;
;     -- 7 input functions                    ; 0         ;
;     -- 6 input functions                    ; 1895      ;
;     -- 5 input functions                    ; 1         ;
;     -- 4 input functions                    ; 2         ;
;     -- <=3 input functions                  ; 1019      ;
;                                             ;           ;
; Dedicated logic registers                   ; 2569      ;
;                                             ;           ;
; I/O pins                                    ; 329       ;
;                                             ;           ;
; Total DSP Blocks                            ; 0         ;
;                                             ;           ;
; Maximum fan-out node                        ; clk~input ;
; Maximum fan-out                             ; 2569      ;
; Total fan-out                               ; 27097     ;
; Average fan-out                             ; 4.41      ;
+---------------------------------------------+-----------+


+----------------------------------------------------------------------------------------------------------------------------------------------------------------------------------------+
; Analysis & Synthesis Resource Utilization by Entity                                                                                                                                    ;
+----------------------------+---------------------+---------------------------+-------------------+------------+------+--------------+---------------------+-------------+--------------+
; Compilation Hierarchy Node ; Combinational ALUTs ; Dedicated Logic Registers ; Block Memory Bits ; DSP Blocks ; Pins ; Virtual Pins ; Full Hierarchy Name ; Entity Name ; Library Name ;
+----------------------------+---------------------+---------------------------+-------------------+------------+------+--------------+---------------------+-------------+--------------+
; |sha256                    ; 2917 (2917)         ; 2569 (2569)               ; 0                 ; 0          ; 329  ; 0            ; |sha256             ; sha256      ; work         ;
+----------------------------+---------------------+---------------------------+-------------------+------------+------+--------------+---------------------+-------------+--------------+
Note: For table entries with two numbers listed, the numbers in parentheses indicate the number of resources of the given type used by the specific entity alone. The numbers listed outside of parentheses indicate the total resources of the given type used by the specific entity and all of its sub-entities in the hierarchy.


Encoding Type:  One-Hot
+-----------------------------------------------------+
; State Machine - |sha256|state                       ;
+-------------+-------------+------------+------------+
; Name        ; state.FINAL ; state.BUSY ; state.IDLE ;
+-------------+-------------+------------+------------+
; state.IDLE  ; 0           ; 0          ; 0          ;
; state.BUSY  ; 0           ; 1          ; 1          ;
; state.FINAL ; 1           ; 0          ; 1          ;
+-------------+-------------+------------+------------+


+------------------------------------------------------+
; General Register Statistics                          ;
+----------------------------------------------+-------+
; Statistic                                    ; Value ;
+----------------------------------------------+-------+
; Total registers                              ; 2569  ;
; Number of registers using Synchronous Clear  ; 0     ;
; Number of registers using Synchronous Load   ; 2304  ;
; Number of registers using Asynchronous Clear ; 265   ;
; Number of registers using Asynchronous Load  ; 0     ;
; Number of registers using Clock Enable       ; 2563  ;
; Number of registers using Preset             ; 0     ;
+----------------------------------------------+-------+


+-----------------------------------------------------+
; Inverted Register Statistics                        ;
+-------------------------------------------+---------+
; Inverted Register                         ; Fan out ;
+-------------------------------------------+---------+
; h7[0]                                     ; 3       ;
; h7[3]                                     ; 3       ;
; h7[4]                                     ; 3       ;
; h7[8]                                     ; 3       ;
; h7[10]                                    ; 3       ;
; h7[11]                                    ; 3       ;
; h7[14]                                    ; 3       ;
; h7[15]                                    ; 3       ;
; h7[21]                                    ; 3       ;
; h7[22]                                    ; 3       ;
; h7[23]                                    ; 3       ;
; h7[24]                                    ; 3       ;
; h7[25]                                    ; 3       ;
; h7[27]                                    ; 3       ;
; h7[28]                                    ; 3       ;
; h7[30]                                    ; 3       ;
; h6[0]                                     ; 3       ;
; h6[1]                                     ; 3       ;
; h6[3]                                     ; 3       ;
; h6[5]                                     ; 3       ;
; h6[7]                                     ; 3       ;
; h6[8]                                     ; 3       ;
; h6[11]                                    ; 3       ;
; h6[12]                                    ; 3       ;
; h6[14]                                    ; 3       ;
; h6[15]                                    ; 3       ;
; h6[16]                                    ; 3       ;
; h6[17]                                    ; 3       ;
; h6[23]                                    ; 3       ;
; h6[24]                                    ; 3       ;
; h6[25]                                    ; 3       ;
; h6[26]                                    ; 3       ;
; h6[27]                                    ; 3       ;
; h6[28]                                    ; 3       ;
; h5[2]                                     ; 3       ;
; h5[3]                                     ; 3       ;
; h5[7]                                     ; 3       ;
; h5[11]                                    ; 3       ;
; h5[13]                                    ; 3       ;
; h5[14]                                    ; 3       ;
; h5[16]                                    ; 3       ;
; h5[18]                                    ; 3       ;
; h5[24]                                    ; 3       ;
; h5[25]                                    ; 3       ;
; h5[27]                                    ; 3       ;
; h5[28]                                    ; 3       ;
; h5[31]                                    ; 3       ;
; h4[0]                                     ; 3       ;
; h4[1]                                     ; 3       ;
; h4[2]                                     ; 3       ;
; h4[3]                                     ; 3       ;
; h4[4]                                     ; 3       ;
; h4[5]                                     ; 3       ;
; h4[6]                                     ; 3       ;
; h4[9]                                     ; 3       ;
; h4[12]                                    ; 3       ;
; h4[14]                                    ; 3       ;
; h4[17]                                    ; 3       ;
; h4[18]                                    ; 3       ;
; h4[19]                                    ; 3       ;
; h4[24]                                    ; 3       ;
; h4[28]                                    ; 3       ;
; h4[30]                                    ; 3       ;
; h3[1]                                     ; 3       ;
; h3[3]                                     ; 3       ;
; h3[4]                                     ; 3       ;
; h3[5]                                     ; 3       ;
; h3[8]                                     ; 3       ;
; h3[10]                                    ; 3       ;
; h3[12]                                    ; 3       ;
; h3[13]                                    ; 3       ;
; h3[14]                                    ; 3       ;
; h3[15]                                    ; 3       ;
; h3[16]                                    ; 3       ;
; h3[17]                                    ; 3       ;
; h3[18]                                    ; 3       ;
; h3[19]                                    ; 3       ;
; h3[22]                                    ; 3       ;
; h3[24]                                    ; 3       ;
; h3[26]                                    ; 3       ;
; h3[29]                                    ; 3       ;
; h3[31]                                    ; 3       ;
; h2[1]                                     ; 3       ;
; h2[4]                                     ; 3       ;
; h2[5]                                     ; 3       ;
; h2[6]                                     ; 3       ;
; h2[8]                                     ; 3       ;
; h2[9]                                     ; 3       ;
; h2[12]                                    ; 3       ;
; h2[13]                                    ; 3       ;
; h2[14]                                    ; 3       ;
; h2[15]                                    ; 3       ;
; h2[17]                                    ; 3       ;
; h2[18]                                    ; 3       ;
; h2[19]                                    ; 3       ;
; h2[21]                                    ; 3       ;
; h2[22]                                    ; 3       ;
; h2[26]                                    ; 3       ;
; h2[27]                                    ; 3       ;
; h2[28]                                    ; 3       ;
; Total number of inverted registers = 136* ;         ;
+-------------------------------------------+---------+
* Table truncated at 100 items. To change the number of inverted registers reported, set the "Number of Inverted Registers Reported" option under Assignments->Settings->Analysis and Synthesis Settings->More Settings


+--------------------------------------------------------------------------------------------------------------------------------------------+
; Multiplexer Restructuring Statistics (Restructuring Performed)                                                                             ;
+--------------------+-----------+---------------+----------------------+------------------------+------------+------------------------------+
; Multiplexer Inputs ; Bus Width ; Baseline Area ; Area if Restructured ; Saving if Restructured ; Registered ; Example Multiplexer Output   ;
+--------------------+-----------+---------------+----------------------+------------------------+------------+------------------------------+
; 4:1                ; 256 bits  ; 512 LEs       ; 0 LEs                ; 512 LEs                ; Yes        ; |sha256|f[6]                 ;
; 5:1                ; 6 bits    ; 18 LEs        ; 6 LEs                ; 12 LEs                 ; Yes        ; |sha256|current_iteration[5] ;
; 4:1                ; 320 bits  ; 640 LEs       ; 640 LEs              ; 0 LEs                  ; No         ; |sha256|Mux89                ;
; 7:1                ; 32 bits   ; 128 LEs       ; 128 LEs              ; 0 LEs                  ; No         ; |sha256|Mux86                ;
; 7:1                ; 32 bits   ; 128 LEs       ; 128 LEs              ; 0 LEs                  ; No         ; |sha256|Mux40                ;
; 10:1               ; 96 bits   ; 576 LEs       ; 576 LEs              ; 0 LEs                  ; No         ; |sha256|Mux89                ;
; 40:1               ; 32 bits   ; 832 LEs       ; 832 LEs              ; 0 LEs                  ; No         ; |sha256|Mux119               ;
; 64:1               ; 32 bits   ; 1344 LEs      ; 1344 LEs             ; 0 LEs                  ; No         ; |sha256|Mux12                ;
+--------------------+-----------+---------------+----------------------+------------------------+------------+------------------------------+


+-----------------------------------------------------+
; Post-Synthesis Netlist Statistics for Top Partition ;
+-----------------------+-----------------------------+
; Type                  ; Count                       ;
+-----------------------+-----------------------------+
; arriav_ff             ; 2569                        ;
;     CLR               ; 6                           ;
;     ENA CLR           ; 259                         ;
;     ENA SLD           ; 2304                        ;
; arriav_lcell_comb     ; 2919                        ;
;     arith             ; 320                         ;
;         2 data inputs ; 317                         ;
;         3 data inputs ; 3                           ;
;     normal            ; 2471                        ;
;         0 data inputs ; 1                           ;
;         1 data inputs ; 273                         ;
;         2 data inputs ; 80                          ;
;         3 data inputs ; 219                         ;
;         4 data inputs ; 2                           ;
;         5 data inputs ; 1                           ;
;         6 data inputs ; 1895                        ;
;     shared            ; 128                         ;
;         3 data inputs ; 128                         ;
; boundary_port         ; 329                         ;
;                       ;                             ;
; Max LUT depth         ; 12.10                       ;
; Average LUT depth     ; 9.06                        ;
+-----------------------+-----------------------------+


+-------------------------------+
; Elapsed Time Per Partition    ;
+----------------+--------------+
; Partition Name ; Elapsed Time ;
+----------------+--------------+
; Top            ; 00:00:05     ;
+----------------+--------------+


+-------------------------------+
; Analysis & Synthesis Messages ;
+-------------------------------+
Info: *******************************************************************
Info: Running Quartus Prime Analysis & Synthesis
    Info: Version 17.0.0 Build 595 04/25/2017 SJ Standard Edition
    Info: Processing started: Wed Dec 05 21:54:34 2018
Info: Command: quartus_map --read_settings_files=on --write_settings_files=off sha256 -c sha256
Warning (18236): Number of processors has not been specified which may cause overloading on shared machines.  Set the global assignment NUM_PARALLEL_PROCESSORS in your QSF to an appropriate value for best performance.
Info (20030): Parallel compilation is enabled and will use 4 of the 4 processors detected
Info (12021): Found 2 design units, including 1 entities, in source file sha256.vhd
    Info (12022): Found design unit 1: sha256-behaviour File: G:/FPGA/sha256_3/sha256.vhd Line: 37
    Info (12023): Found entity 1: sha256 File: G:/FPGA/sha256_3/sha256.vhd Line: 15
Info (12021): Found 1 design units, including 0 entities, in source file sha256_types.vhd
    Info (12022): Found design unit 1: sha256_types File: G:/FPGA/sha256_3/sha256_types.vhd Line: 7
Info (12021): Found 2 design units, including 0 entities, in source file sha256_functions.vhd
    Info (12022): Found design unit 1: sha256_functions File: G:/FPGA/sha256_3/sha256_functions.vhd Line: 11
    Info (12022): Found design unit 2: sha256_functions-body File: G:/FPGA/sha256_3/sha256_functions.vhd Line: 47
Info (12021): Found 1 design units, including 0 entities, in source file sha256_constants.vhd
    Info (12022): Found design unit 1: sha256_constants File: G:/FPGA/sha256_3/sha256_constants.vhd Line: 9
Info (12021): Found 1 design units, including 1 entities, in source file mem.v
    Info (12023): Found entity 1: mem File: G:/FPGA/sha256_3/mem.v Line: 40
Info (12021): Found 1 design units, including 1 entities, in source file block1.bdf
    Info (12023): Found entity 1: Block1
Info (12021): Found 2 design units, including 1 entities, in source file testrom.vhd
    Info (12022): Found design unit 1: testrom-behaviour File: G:/FPGA/sha256_3/testrom.vhd Line: 14
    Info (12023): Found entity 1: testrom File: G:/FPGA/sha256_3/testrom.vhd Line: 5
Info (12021): Found 2 design units, including 1 entities, in source file mem2.vhd
    Info (12022): Found design unit 1: mem2-SYN File: G:/FPGA/sha256_3/mem2.vhd Line: 56
    Info (12023): Found entity 1: mem2 File: G:/FPGA/sha256_3/mem2.vhd Line: 43
Info (12021): Found 2 design units, including 1 entities, in source file tb_sha256.vhd
    Info (12022): Found design unit 1: tb_sha256-testbench File: G:/FPGA/sha256_3/tb_sha256.vhd Line: 10
    Info (12023): Found entity 1: tb_sha256 File: G:/FPGA/sha256_3/tb_sha256.vhd Line: 7
Info (12127): Elaborating entity "sha256" for the top level hierarchy
Warning (10542): VHDL Variable Declaration warning at sha256_functions.vhd(71): used initial value expression for variable "j" because variable was never assigned a value File: G:/FPGA/sha256_3/sha256_functions.vhd Line: 71
Warning (13024): Output pins are stuck at VCC or GND
    Warning (13410): Pin "debug_port[0]" is stuck at GND File: G:/FPGA/sha256_3/sha256.vhd Line: 33
    Warning (13410): Pin "debug_port[1]" is stuck at GND File: G:/FPGA/sha256_3/sha256.vhd Line: 33
    Warning (13410): Pin "debug_port[2]" is stuck at GND File: G:/FPGA/sha256_3/sha256.vhd Line: 33
    Warning (13410): Pin "debug_port[3]" is stuck at GND File: G:/FPGA/sha256_3/sha256.vhd Line: 33
    Warning (13410): Pin "debug_port[4]" is stuck at GND File: G:/FPGA/sha256_3/sha256.vhd Line: 33
    Warning (13410): Pin "debug_port[5]" is stuck at GND File: G:/FPGA/sha256_3/sha256.vhd Line: 33
    Warning (13410): Pin "debug_port[6]" is stuck at GND File: G:/FPGA/sha256_3/sha256.vhd Line: 33
    Warning (13410): Pin "debug_port[7]" is stuck at GND File: G:/FPGA/sha256_3/sha256.vhd Line: 33
    Warning (13410): Pin "debug_port[8]" is stuck at GND File: G:/FPGA/sha256_3/sha256.vhd Line: 33
    Warning (13410): Pin "debug_port[9]" is stuck at GND File: G:/FPGA/sha256_3/sha256.vhd Line: 33
    Warning (13410): Pin "debug_port[10]" is stuck at GND File: G:/FPGA/sha256_3/sha256.vhd Line: 33
    Warning (13410): Pin "debug_port[11]" is stuck at GND File: G:/FPGA/sha256_3/sha256.vhd Line: 33
    Warning (13410): Pin "debug_port[12]" is stuck at GND File: G:/FPGA/sha256_3/sha256.vhd Line: 33
    Warning (13410): Pin "debug_port[13]" is stuck at GND File: G:/FPGA/sha256_3/sha256.vhd Line: 33
    Warning (13410): Pin "debug_port[14]" is stuck at GND File: G:/FPGA/sha256_3/sha256.vhd Line: 33
    Warning (13410): Pin "debug_port[15]" is stuck at GND File: G:/FPGA/sha256_3/sha256.vhd Line: 33
    Warning (13410): Pin "debug_port[16]" is stuck at GND File: G:/FPGA/sha256_3/sha256.vhd Line: 33
    Warning (13410): Pin "debug_port[17]" is stuck at GND File: G:/FPGA/sha256_3/sha256.vhd Line: 33
    Warning (13410): Pin "debug_port[18]" is stuck at GND File: G:/FPGA/sha256_3/sha256.vhd Line: 33
    Warning (13410): Pin "debug_port[19]" is stuck at GND File: G:/FPGA/sha256_3/sha256.vhd Line: 33
    Warning (13410): Pin "debug_port[20]" is stuck at GND File: G:/FPGA/sha256_3/sha256.vhd Line: 33
    Warning (13410): Pin "debug_port[21]" is stuck at GND File: G:/FPGA/sha256_3/sha256.vhd Line: 33
    Warning (13410): Pin "debug_port[22]" is stuck at GND File: G:/FPGA/sha256_3/sha256.vhd Line: 33
    Warning (13410): Pin "debug_port[23]" is stuck at GND File: G:/FPGA/sha256_3/sha256.vhd Line: 33
    Warning (13410): Pin "debug_port[24]" is stuck at GND File: G:/FPGA/sha256_3/sha256.vhd Line: 33
    Warning (13410): Pin "debug_port[25]" is stuck at GND File: G:/FPGA/sha256_3/sha256.vhd Line: 33
    Warning (13410): Pin "debug_port[26]" is stuck at GND File: G:/FPGA/sha256_3/sha256.vhd Line: 33
    Warning (13410): Pin "debug_port[27]" is stuck at GND File: G:/FPGA/sha256_3/sha256.vhd Line: 33
    Warning (13410): Pin "debug_port[28]" is stuck at GND File: G:/FPGA/sha256_3/sha256.vhd Line: 33
    Warning (13410): Pin "debug_port[29]" is stuck at GND File: G:/FPGA/sha256_3/sha256.vhd Line: 33
    Warning (13410): Pin "debug_port[30]" is stuck at GND File: G:/FPGA/sha256_3/sha256.vhd Line: 33
    Warning (13410): Pin "debug_port[31]" is stuck at GND File: G:/FPGA/sha256_3/sha256.vhd Line: 33
Info (286030): Timing-Driven Synthesis is running
Info (16010): Generating hard_block partition "hard_block:auto_generated_inst"
    Info (16011): Adding 0 node(s), including 0 DDIO, 0 PLL, 0 transceiver and 0 LCELL
Info (21057): Implemented 5487 device resources after synthesis - the final resource count might be different
    Info (21058): Implemented 36 input pins
    Info (21059): Implemented 293 output pins
    Info (21061): Implemented 5158 logic cells
Info: Quartus Prime Analysis & Synthesis was successful. 0 errors, 35 warnings
    Info: Peak virtual memory: 4917 megabytes
    Info: Processing ended: Wed Dec 05 21:54:57 2018
    Info: Elapsed time: 00:00:23
    Info: Total CPU time (on all processors): 00:00:29


